<?xml version="1.0" encoding="UTF-8"?>
<!-- Generated by org.testng.reporters.JUnitReportReporter -->
<testsuite hostname="DESKTOP-I87EVTQ" failures="0" tests="4" name="com.w2a.testcases.AddCollectionTestCases" time="15.949" errors="0" timestamp="2021-12-20T11:48:50 IST" skipped="0">
  <testcase classname="com.w2a.testcases.AddCollectionTestCases" name="addCollectionWithoutSelectVertical" time="3.333"/>
  <system-out/>
  <testcase classname="com.w2a.testcases.AddCollectionTestCases" name="addCollectionWithoutVerticalAndTypeField" time="3.544"/>
  <system-out/>
  <testcase classname="com.w2a.testcases.AddCollectionTestCases" name="addCollectionWithoutSelectType" time="3.657"/>
  <system-out/>
  <testcase classname="com.w2a.testcases.AddCollectionTestCases" name="clickingOnBackButton" time="5.415"/>
  <system-out/>
</testsuite> <!-- com.w2a.testcases.AddCollectionTestCases -->
