<?xml version="1.0" encoding="UTF-8"?>
<!-- Generated by org.testng.reporters.JUnitReportReporter -->
<testsuite hostname="DESKTOP-I87EVTQ" failures="0" tests="1" name="com.w2a.testcases.AddCustomerTest" time="0.000" errors="0" timestamp="2021-12-17T17:30:05 IST" skipped="1">
  <testcase classname="com.w2a.testcases.AddCustomerTest" name="addCustomer" time="0.000">
    <skipped/>
  </testcase> <!-- addCustomer -->
  <system-out/>
</testsuite> <!-- com.w2a.testcases.AddCustomerTest -->
